<?xml version="1.0" encoding="UTF-8"?>
<testng-results total="2" passed="2" failed="0" skipped="0">
  <reporter-output>
  </reporter-output>
  <suite started-at="2020-10-28T19:15:49Z" name="BDD Test Suite" finished-at="2020-10-28T19:17:04Z" duration-ms="74396">
    <groups>
      <group name="cucumber">
        <method signature="TestRunner.feature(cucumber.api.testng.CucumberFeatureWrapper)[pri:0, instance:TestRunner@10d59286]" name="feature" class="TestRunner"/>
      </group> <!-- cucumber -->
    </groups>
    <test started-at="2020-10-28T19:15:49Z" name="AmazonPractice Registration" finished-at="2020-10-28T19:17:04Z" duration-ms="74396">
      <class name="TestRunner">
        <test-method is-config="true" signature="setUpClass()[pri:0, instance:TestRunner@10d59286]" started-at="2020-10-28T19:15:49Z" name="setUpClass" finished-at="2020-10-28T19:15:50Z" duration-ms="486" status="PASS">
          <reporter-output>
          </reporter-output>
        </test-method> <!-- setUpClass -->
        <test-method signature="feature(cucumber.api.testng.CucumberFeatureWrapper)[pri:0, instance:TestRunner@10d59286]" started-at="2020-10-28T19:15:50Z" name="feature" description="Runs Cucumber Feature" data-provider="features" finished-at="2020-10-28T19:16:05Z" duration-ms="14560" status="PASS">
          <params>
            <param index="0">
              <value>
                <![CDATA[As a propertyrete user I want to find a house.]]>
              </value>
            </param>
          </params>
          <reporter-output>
          </reporter-output>
        </test-method> <!-- feature -->
        <test-method signature="feature(cucumber.api.testng.CucumberFeatureWrapper)[pri:0, instance:TestRunner@10d59286]" started-at="2020-10-28T19:16:05Z" name="feature" description="Runs Cucumber Feature" data-provider="features" finished-at="2020-10-28T19:17:04Z" duration-ms="59069" status="PASS">
          <params>
            <param index="0">
              <value>
                <![CDATA[Registration]]>
              </value>
            </param>
          </params>
          <reporter-output>
          </reporter-output>
        </test-method> <!-- feature -->
        <test-method is-config="true" signature="tearDownClass()[pri:0, instance:TestRunner@10d59286]" started-at="2020-10-28T19:17:04Z" name="tearDownClass" finished-at="2020-10-28T19:17:04Z" duration-ms="54" status="PASS">
          <reporter-output>
          </reporter-output>
        </test-method> <!-- tearDownClass -->
      </class> <!-- TestRunner -->
    </test> <!-- AmazonPractice Registration -->
  </suite> <!-- BDD Test Suite -->
</testng-results>
